<?xml version="1.0" encoding="UTF-8"?>
<!-- Generated by org.testng.reporters.JUnitReportReporter -->
<testsuite hostname="Larissa-PC" name="com.example.tests.AlsoGroupCreationTests" tests="2" failures="0" timestamp="23 Jan 2015 07:16:44 GMT" time="5.699" errors="0">
  <testcase name="testEmptyGroupCreation" time="2.873" classname="com.example.tests.AlsoGroupCreationTests"/>
  <testcase name="testNonEmptyGroupCreation" time="2.826" classname="com.example.tests.AlsoGroupCreationTests"/>
</testsuite> <!-- com.example.tests.AlsoGroupCreationTests -->
