<?xml version="1.0" encoding="UTF-8"?>
<!-- Generated by org.testng.reporters.JUnitReportReporter -->
<testsuite hostname="Larissa-PC" name="com.example.tests.GroupCreationTests" tests="2" failures="0" timestamp="23 Jan 2015 07:16:44 GMT" time="6.266" errors="0">
  <testcase name="testEmptyGroupCreation" time="3.109" classname="com.example.tests.GroupCreationTests"/>
  <testcase name="testNonEmptyGroupCreation" time="3.157" classname="com.example.tests.GroupCreationTests"/>
</testsuite> <!-- com.example.tests.GroupCreationTests -->
