<?xml version="1.0" encoding="UTF-8"?>
<!-- Generated by org.testng.reporters.JUnitReportReporter -->
<testsuite hostname="Larissa-PC" name="com.example.tests.GroupCreationTests" tests="2" failures="0" timestamp="25 Dec 2014 20:33:45 GMT" time="4.283" errors="0">
  <testcase name="testEmptyGroupCreation" time="2.061" classname="com.example.tests.GroupCreationTests"/>
  <testcase name="testNonEmptyGroupCreation" time="2.222" classname="com.example.tests.GroupCreationTests"/>
</testsuite> <!-- com.example.tests.GroupCreationTests -->
