<?xml version="1.0" encoding="UTF-8"?>
<!-- Generated by org.testng.reporters.JUnitReportReporter -->
<testsuite hostname="Larissa-PC" name="com.example.tests.ContactCreationTests" tests="2" failures="0" timestamp="23 Jan 2015 07:16:44 GMT" time="10.355" errors="0">
  <testcase name="testEmptyContactCreation" time="4.559" classname="com.example.tests.ContactCreationTests"/>
  <testcase name="testNonEmptyContactCreation" time="5.796" classname="com.example.tests.ContactCreationTests"/>
</testsuite> <!-- com.example.tests.ContactCreationTests -->
