<?xml version="1.0" encoding="UTF-8"?>
<!-- Generated by org.testng.reporters.JUnitReportReporter -->
<testsuite hostname="Larissa-PC" name="com.example.tests.AlsoGroupCreationTests" tests="2" failures="0" timestamp="25 Dec 2014 20:33:45 GMT" time="3.289" errors="0">
  <testcase name="testNonEmptyGroupCreation" time="1.662" classname="com.example.tests.AlsoGroupCreationTests"/>
  <testcase name="testEmptyGroupCreation" time="1.627" classname="com.example.tests.AlsoGroupCreationTests"/>
</testsuite> <!-- com.example.tests.AlsoGroupCreationTests -->
